<?xml version="1.0" encoding="UTF-8"?>
<!-- Generated by org.testng.reporters.JUnitReportReporter -->
<testsuite hostname="DESKTOP-Q0T10D1" name="tests.rest.Subscription_Post" tests="1" failures="0" timestamp="21 Jan 2021 05:42:14 GMT" time="5.536" errors="0">
  <testcase name="subscriptions" time="5.536" classname="tests.rest.Subscription_Post"/>
</testsuite> <!-- tests.rest.Subscription_Post -->
