<?xml version="1.0" encoding="UTF-8"?>
<!-- Generated by org.testng.reporters.JUnitReportReporter -->
<testsuite hostname="DESKTOP-Q0T10D1" name="tests.rest.Plan_Post" tests="1" failures="0" timestamp="21 Jan 2021 06:07:37 GMT" time="5.017" errors="0">
  <testcase name="plan" time="5.017" classname="tests.rest.Plan_Post"/>
</testsuite> <!-- tests.rest.Plan_Post -->
