<?xml version="1.0" encoding="UTF-8"?>
<!-- Generated by org.testng.reporters.JUnitReportReporter -->
<testsuite hostname="DESKTOP-Q0T10D1" name="tests.rest.Package_Put" tests="1" failures="0" timestamp="21 Jan 2021 05:23:25 GMT" time="1.826" errors="0">
  <testcase name="packageupdate" time="1.826" classname="tests.rest.Package_Put"/>
</testsuite> <!-- tests.rest.Package_Put -->
