<?xml version="1.0" encoding="UTF-8"?>
<!-- Generated by org.testng.reporters.JUnitReportReporter -->
<testsuite hostname="DESKTOP-Q0T10D1" name="tests.rest.Package_Get" tests="1" failures="0" timestamp="21 Jan 2021 05:23:25 GMT" time="1.484" errors="0">
  <testcase name="packageget" time="1.484" classname="tests.rest.Package_Get"/>
</testsuite> <!-- tests.rest.Package_Get -->
