<?xml version="1.0" encoding="UTF-8"?>
<!-- Generated by org.testng.reporters.JUnitReportReporter -->
<testsuite hostname="DESKTOP-Q0T10D1" name="tests.rest.Subscriptionlist_Get" tests="1" failures="0" timestamp="21 Jan 2021 05:42:14 GMT" time="2.612" errors="0">
  <testcase name="Subscritption" time="2.612" classname="tests.rest.Subscriptionlist_Get"/>
</testsuite> <!-- tests.rest.Subscriptionlist_Get -->
