<?xml version="1.0" encoding="UTF-8"?>
<!-- Generated by org.testng.reporters.JUnitReportReporter -->
<testsuite skipped="0" hostname="Macs-MacBook-Pro.local" name="tests.rest.TestPayPal" tests="2" failures="0" timestamp="2021-01-13T13:09:23 IST" time="4.426" errors="0">
  <testcase name="createOrder" time="0.667" classname="tests.rest.TestPayPal"/>
  <system-out/>
  <testcase name="getAuthKey" time="3.759" classname="tests.rest.TestPayPal"/>
  <system-out/>
</testsuite> <!-- tests.rest.TestPayPal -->
