<?xml version="1.0" encoding="UTF-8"?>
<!-- Generated by org.testng.reporters.JUnitReportReporter -->
<testsuite hostname="DESKTOP-Q0T10D1" name="tests.rest.Enquirylist_Get" tests="1" failures="0" timestamp="21 Jan 2021 05:20:47 GMT" time="1.730" errors="0">
  <testcase name="enquiry" time="1.730" classname="tests.rest.Enquirylist_Get"/>
</testsuite> <!-- tests.rest.Enquirylist_Get -->
