<?xml version="1.0" encoding="UTF-8"?>
<!-- Generated by org.testng.reporters.JUnitReportReporter -->
<testsuite hostname="DESKTOP-Q0T10D1" name="tests.rest.Package_Post" tests="1" failures="0" timestamp="21 Jan 2021 05:23:25 GMT" time="5.973" errors="0">
  <testcase name="packagecreate" time="5.973" classname="tests.rest.Package_Post"/>
</testsuite> <!-- tests.rest.Package_Post -->
