<?xml version="1.0" encoding="UTF-8"?>
<!-- Generated by org.testng.reporters.JUnitReportReporter -->
<testsuite hostname="DESKTOP-Q0T10D1" name="tests.rest.Package_Delete" tests="1" failures="0" timestamp="21 Jan 2021 05:31:02 GMT" time="5.426" errors="0">
  <testcase name="packagedelete" time="5.426" classname="tests.rest.Package_Delete"/>
</testsuite> <!-- tests.rest.Package_Delete -->
