<?xml version="1.0" encoding="UTF-8"?>
<!-- Generated by org.testng.reporters.JUnitReportReporter -->
<testsuite hostname="Macs-MacBook-Pro.local" name="tests.rest.LoginPage" tests="1" failures="0" timestamp="18 Jan 2021 08:10:18 GMT" time="5.041" errors="0">
  <testcase name="enquiry" time="5.041" classname="tests.rest.LoginPage"/>
</testsuite> <!-- tests.rest.LoginPage -->
