<?xml version="1.0" encoding="UTF-8"?>
<!-- Generated by org.testng.reporters.JUnitReportReporter -->
<testsuite hostname="DESKTOP-Q0T10D1" name="tests.rest.Plan_Delete" tests="1" failures="0" timestamp="21 Jan 2021 05:23:25 GMT" time="1.545" errors="0">
  <testcase name="plandelete" time="1.545" classname="tests.rest.Plan_Delete"/>
</testsuite> <!-- tests.rest.Plan_Delete -->
