<?xml version="1.0" encoding="UTF-8"?>
<!-- Generated by org.testng.reporters.JUnitReportReporter -->
<testsuite hostname="DESKTOP-Q0T10D1" name="tests.rest.Plan_Put" tests="1" failures="0" timestamp="21 Jan 2021 06:11:58 GMT" time="4.987" errors="0">
  <testcase name="planput" time="4.987" classname="tests.rest.Plan_Put"/>
</testsuite> <!-- tests.rest.Plan_Put -->
