<?xml version="1.0" encoding="UTF-8"?>
<!-- Generated by org.testng.reporters.JUnitReportReporter -->
<testsuite hostname="DESKTOP-Q0T10D1" name="tests.rest.Subscription_Get" tests="1" failures="0" timestamp="21 Jan 2021 05:42:14 GMT" time="1.352" errors="0">
  <testcase name="Subscritption" time="1.352" classname="tests.rest.Subscription_Get"/>
</testsuite> <!-- tests.rest.Subscription_Get -->
