<?xml version="1.0" encoding="UTF-8"?>
<!-- Generated by org.testng.reporters.JUnitReportReporter -->
<testsuite hostname="DESKTOP-Q0T10D1" name="tests.rest.User_Post" tests="1" failures="0" timestamp="21 Jan 2021 05:31:19 GMT" time="8.650" errors="0">
  <testcase name="user" time="8.650" classname="tests.rest.User_Post"/>
</testsuite> <!-- tests.rest.User_Post -->
