<?xml version="1.0" encoding="UTF-8"?>
<!-- Generated by org.testng.reporters.JUnitReportReporter -->
<testsuite hostname="DESKTOP-Q0T10D1" name="tests.rest.User_Put" tests="1" failures="0" timestamp="21 Jan 2021 05:23:25 GMT" time="1.397" errors="0">
  <testcase name="user" time="1.397" classname="tests.rest.User_Put"/>
</testsuite> <!-- tests.rest.User_Put -->
