<?xml version="1.0" encoding="UTF-8"?>
<!-- Generated by org.testng.reporters.JUnitReportReporter -->
<testsuite hostname="DESKTOP-Q0T10D1" name="tests.rest.Customer_Get" tests="1" failures="0" timestamp="21 Jan 2021 05:20:47 GMT" time="1.224" errors="0">
  <testcase name="customer" time="1.224" classname="tests.rest.Customer_Get"/>
</testsuite> <!-- tests.rest.Customer_Get -->
