<?xml version="1.0" encoding="UTF-8"?>
<!-- Generated by org.testng.reporters.JUnitReportReporter -->
<testsuite hostname="DESKTOP-Q0T10D1" name="tests.rest.Customer_Put" tests="1" failures="0" timestamp="21 Jan 2021 05:22:39 GMT" time="5.693" errors="0">
  <testcase name="customer" time="5.693" classname="tests.rest.Customer_Put"/>
</testsuite> <!-- tests.rest.Customer_Put -->
